TN:
SF:src\test\helpers\mock-projects.ts
FN:11,createMockProject
FN:58,(anonymous_1)
FN:68,cleanupMockProject
FNF:3
FNH:3
FNDA:23,createMockProject
FNDA:2,(anonymous_1)
FNDA:29,cleanupMockProject
DA:1,1
DA:11,1
DA:18,23
DA:20,23
DA:21,23
DA:58,23
DA:59,2
DA:63,23
DA:65,23
DA:68,1
DA:69,29
LF:11
LH:11
BRDA:14,0,0,20
BRDA:15,1,0,13
BRDA:16,2,0,21
BRDA:17,3,0,21
BRDA:30,4,0,22
BRDA:30,4,1,1
BRDA:33,5,0,22
BRDA:33,5,1,1
BRDA:59,6,0,0
BRDA:59,6,1,2
BRF:10
BRH:9
end_of_record
TN:
SF:src\utils\framework-validator.ts
FN:26,(anonymous_9)
FN:30,(anonymous_10)
FN:76,(anonymous_11)
FN:88,(anonymous_12)
FN:101,(anonymous_13)
FN:130,(anonymous_14)
FN:135,(anonymous_15)
FN:163,(anonymous_16)
FN:189,(anonymous_17)
FN:221,(anonymous_18)
FN:226,(anonymous_19)
FN:231,(anonymous_20)
FN:240,(anonymous_21)
FN:249,satisfiesVersion
FN:252,(anonymous_23)
FNF:15
FNH:15
FNDA:24,(anonymous_9)
FNDA:15,(anonymous_10)
FNDA:14,(anonymous_11)
FNDA:36,(anonymous_12)
FNDA:36,(anonymous_13)
FNDA:12,(anonymous_14)
FNDA:3,(anonymous_15)
FNDA:2,(anonymous_16)
FNDA:4,(anonymous_17)
FNDA:2,(anonymous_18)
FNDA:2,(anonymous_19)
FNDA:1,(anonymous_20)
FNDA:2,(anonymous_21)
FNDA:16,satisfiesVersion
FNDA:30,(anonymous_23)
DA:1,1
DA:2,1
DA:12,1
DA:14,24
DA:15,24
DA:18,24
DA:27,24
DA:31,15
DA:32,15
DA:33,15
DA:35,3
DA:37,1
DA:46,2
DA:56,12
DA:57,0
DA:66,12
DA:71,12
DA:72,12
DA:73,12
DA:76,12
DA:77,14
DA:78,5
DA:80,9
DA:81,9
DA:82,2
DA:88,12
DA:89,36
DA:90,33
DA:92,3
DA:93,3
DA:94,1
DA:100,12
DA:101,12
DA:102,36
DA:103,13
DA:108,12
DA:109,12
DA:110,3
DA:111,9
DA:112,1
DA:113,8
DA:114,1
DA:115,7
DA:116,1
DA:117,6
DA:118,1
DA:121,12
DA:131,12
DA:132,12
DA:136,3
DA:137,3
DA:139,3
DA:144,3
DA:145,3
DA:146,1
DA:147,1
DA:150,2
DA:151,2
DA:153,1
DA:156,2
DA:164,2
DA:165,2
DA:167,2
DA:168,2
DA:169,2
DA:171,2
DA:172,2
DA:174,1
DA:175,1
DA:177,1
DA:182,2
DA:190,4
DA:191,4
DA:193,4
DA:194,4
DA:195,4
DA:196,3
DA:198,3
DA:199,3
DA:200,6
DA:201,2
DA:205,3
DA:206,3
DA:208,1
DA:211,1
DA:214,4
DA:222,2
DA:224,2
DA:225,1
DA:226,2
DA:229,2
DA:230,1
DA:231,1
DA:234,2
DA:235,1
DA:238,2
DA:239,1
DA:240,1
DA:241,2
DA:245,2
DA:249,1
DA:250,16
DA:252,30
DA:253,16
DA:254,14
DA:256,13
DA:257,13
DA:260,13
DA:262,5
DA:266,8
DA:267,1
DA:271,7
DA:272,1
DA:276,6
DA:277,1
DA:280,5
DA:283,3
LF:117
LH:116
BRDA:35,0,0,1
BRDA:35,0,1,2
BRDA:56,1,0,0
BRDA:77,2,0,5
BRDA:77,2,1,9
BRDA:81,3,0,2
BRDA:89,4,0,33
BRDA:89,4,1,3
BRDA:93,5,0,1
BRDA:102,6,0,13
BRDA:109,7,0,3
BRDA:109,7,1,9
BRDA:111,8,0,1
BRDA:111,8,1,8
BRDA:113,9,0,1
BRDA:113,9,1,7
BRDA:115,10,0,1
BRDA:115,10,1,6
BRDA:117,11,0,1
BRDA:145,12,0,1
BRDA:167,13,0,2
BRDA:200,14,0,2
BRDA:224,15,0,1
BRDA:229,16,0,1
BRDA:234,17,0,1
BRDA:238,18,0,1
BRDA:238,19,0,2
BRDA:238,19,1,1
BRDA:260,20,0,5
BRDA:260,21,0,13
BRDA:260,21,1,10
BRDA:260,21,2,9
BRDA:260,21,3,8
BRDA:266,22,0,1
BRDA:271,23,0,1
BRDA:271,24,0,7
BRDA:271,24,1,7
BRDA:276,25,0,1
BRDA:276,26,0,6
BRDA:276,26,1,6
BRF:40
BRH:39
end_of_record
